Using pre-set license
Built from '2021.3/staging' branch; Version is '2021.3.6f1 (7da38d85baf6) revision 8233869'; Using compiler version '192829333'; Build Type 'Release'
OS: 'Windows 11  (10.0.22622) 64bit Professional' Language: 'pt' Physical Memory: 12136 MB
BatchMode: 1, IsHumanControllingUs: 0, StartBugReporterOnCrash: 0, Is64bit: 1, IsPro: 1

COMMAND LINE ARGUMENTS:
C:\Program Files\Unity\Hub\Editor\2021.3.6f1\Editor\Unity.exe
-adb2
-batchMode
-noUpm
-name
AssetImportWorker0
-projectPath
C:/Users/Santiago Badalo/Documents/GitHub/the-ascension-of-the-cosmical-power/The Ascension of the Cosmical Power
-logFile
Logs/AssetImportWorker0.log
-srvPort
62591
Successfully changed project path to: C:/Users/Santiago Badalo/Documents/GitHub/the-ascension-of-the-cosmical-power/The Ascension of the Cosmical Power
C:/Users/Santiago Badalo/Documents/GitHub/the-ascension-of-the-cosmical-power/The Ascension of the Cosmical Power
[UnityMemory] Configuration Parameters - Can be set up in boot.config
    "memorysetup-bucket-allocator-granularity=16"
    "memorysetup-bucket-allocator-bucket-count=8"
    "memorysetup-bucket-allocator-block-size=33554432"
    "memorysetup-bucket-allocator-block-count=8"
    "memorysetup-main-allocator-block-size=16777216"
    "memorysetup-thread-allocator-block-size=16777216"
    "memorysetup-gfx-main-allocator-block-size=16777216"
    "memorysetup-gfx-thread-allocator-block-size=16777216"
    "memorysetup-cache-allocator-block-size=4194304"
    "memorysetup-typetree-allocator-block-size=2097152"
    "memorysetup-profiler-bucket-allocator-granularity=16"
    "memorysetup-profiler-bucket-allocator-bucket-count=8"
    "memorysetup-profiler-bucket-allocator-block-size=33554432"
    "memorysetup-profiler-bucket-allocator-block-count=8"
    "memorysetup-profiler-allocator-block-size=16777216"
    "memorysetup-profiler-editor-allocator-block-size=1048576"
    "memorysetup-temp-allocator-size-main=16777216"
    "memorysetup-job-temp-allocator-block-size=2097152"
    "memorysetup-job-temp-allocator-block-size-background=1048576"
    "memorysetup-job-temp-allocator-reduction-small-platforms=262144"
    "memorysetup-temp-allocator-size-background-worker=32768"
    "memorysetup-temp-allocator-size-job-worker=262144"
    "memorysetup-temp-allocator-size-preload-manager=33554432"
    "memorysetup-temp-allocator-size-nav-mesh-worker=65536"
    "memorysetup-temp-allocator-size-audio-worker=65536"
    "memorysetup-temp-allocator-size-cloud-worker=32768"
    "memorysetup-temp-allocator-size-gi-baking-worker=262144"
    "memorysetup-temp-allocator-size-gfx=262144"
Refreshing native plugins compatible for Editor in 324.12 ms, found 4 plugins.
Preloading 0 native plugins for Editor in 0.00 ms.
Initialize engine version: 2021.3.6f1 (7da38d85baf6)
[Subsystems] Discovering subsystems at path C:/Program Files/Unity/Hub/Editor/2021.3.6f1/Editor/Data/Resources/UnitySubsystems
[Subsystems] Discovering subsystems at path C:/Users/Santiago Badalo/Documents/GitHub/the-ascension-of-the-cosmical-power/The Ascension of the Cosmical Power/Assets
GfxDevice: creating device client; threaded=0; jobified=0
Direct3D:
    Version:  Direct3D 11.0 [level 11.1]
    Renderer: NVIDIA GeForce GTX 1050 with Max-Q Design (ID=0x1c91)
    Vendor:   NVIDIA
    VRAM:     2996 MB
    Driver:   31.0.15.1659
Initialize mono
Mono path[0] = 'C:/Program Files/Unity/Hub/Editor/2021.3.6f1/Editor/Data/Managed'
Mono path[1] = 'C:/Program Files/Unity/Hub/Editor/2021.3.6f1/Editor/Data/MonoBleedingEdge/lib/mono/unityjit-win32'
Mono config path = 'C:/Program Files/Unity/Hub/Editor/2021.3.6f1/Editor/Data/MonoBleedingEdge/etc'
Using monoOptions --debugger-agent=transport=dt_socket,embedding=1,server=y,suspend=n,address=127.0.0.1:56048
Begin MonoManager ReloadAssembly
Registering precompiled unity dll's ...
Register platform support module: C:/Program Files/Unity/Hub/Editor/2021.3.6f1/Editor/Data/PlaybackEngines/WebGLSupport/UnityEditor.WebGL.Extensions.dll
Register platform support module: C:/Program Files/Unity/Hub/Editor/2021.3.6f1/Editor/Data/PlaybackEngines/WindowsStandaloneSupport/UnityEditor.WindowsStandalone.Extensions.dll
Registered in 0.035292 seconds.
Native extension for WindowsStandalone target not found
Native extension for WebGL target not found
Refreshing native plugins compatible for Editor in 247.67 ms, found 4 plugins.
Preloading 0 native plugins for Editor in 0.00 ms.
Mono: successfully reloaded assembly
- Completed reload, in  2.111 seconds
Domain Reload Profiling:
	ReloadAssembly (2112ms)
		BeginReloadAssembly (208ms)
			ExecutionOrderSort (0ms)
			DisableScriptedObjects (0ms)
			BackupInstance (0ms)
			ReleaseScriptingObjects (0ms)
			CreateAndSetChildDomain (2ms)
		EndReloadAssembly (1473ms)
			LoadAssemblies (201ms)
			RebuildTransferFunctionScriptingTraits (0ms)
			SetupTypeCache (352ms)
			ReleaseScriptCaches (0ms)
			RebuildScriptCaches (73ms)
			SetupLoadedEditorAssemblies (912ms)
				LogAssemblyErrors (0ms)
				InitializePlatformSupportModulesInManaged (20ms)
				SetLoadedEditorAssemblies (0ms)
				RefreshPlugins (248ms)
				BeforeProcessingInitializeOnLoad (4ms)
				ProcessInitializeOnLoadAttributes (525ms)
				ProcessInitializeOnLoadMethodAttributes (114ms)
				AfterProcessingInitializeOnLoad (0ms)
				EditorAssembliesLoaded (0ms)
			ExecutionOrderSort2 (0ms)
			AwakeInstancesAfterBackupRestoration (0ms)
Platform modules already initialized, skipping
Registering precompiled user dll's ...
Registered in 0.021266 seconds.
Begin MonoManager ReloadAssembly
Symbol file LoadedFromMemory doesn't match image C:\Users\Santiago Badalo\Documents\GitHub\the-ascension-of-the-cosmical-power\The Ascension of the Cosmical Power\Library\PackageCache\com.unity.visualscripting@1.7.8\Editor\VisualScripting.Core\Dependencies\YamlDotNet\Unity.VisualScripting.YamlDotNet.dll
Symbol file LoadedFromMemory doesn't match image C:\Users\Santiago Badalo\Documents\GitHub\the-ascension-of-the-cosmical-power\The Ascension of the Cosmical Power\Library\PackageCache\com.unity.visualscripting@1.7.8\Editor\VisualScripting.Core\Dependencies\DotNetZip\Unity.VisualScripting.IonicZip.dll
Native extension for WindowsStandalone target not found
Native extension for WebGL target not found
Refreshing native plugins compatible for Editor in 207.03 ms, found 4 plugins.
Preloading 0 native plugins for Editor in 0.00 ms.
Mono: successfully reloaded assembly
- Completed reload, in  2.642 seconds
Domain Reload Profiling:
	ReloadAssembly (2644ms)
		BeginReloadAssembly (241ms)
			ExecutionOrderSort (0ms)
			DisableScriptedObjects (10ms)
			BackupInstance (0ms)
			ReleaseScriptingObjects (0ms)
			CreateAndSetChildDomain (46ms)
		EndReloadAssembly (2171ms)
			LoadAssemblies (199ms)
			RebuildTransferFunctionScriptingTraits (0ms)
			SetupTypeCache (561ms)
			ReleaseScriptCaches (1ms)
			RebuildScriptCaches (111ms)
			SetupLoadedEditorAssemblies (1178ms)
				LogAssemblyErrors (0ms)
				InitializePlatformSupportModulesInManaged (10ms)
				SetLoadedEditorAssemblies (0ms)
				RefreshPlugins (207ms)
				BeforeProcessingInitializeOnLoad (250ms)
				ProcessInitializeOnLoadAttributes (598ms)
				ProcessInitializeOnLoadMethodAttributes (98ms)
				AfterProcessingInitializeOnLoad (15ms)
				EditorAssembliesLoaded (0ms)
			ExecutionOrderSort2 (0ms)
			AwakeInstancesAfterBackupRestoration (19ms)
Platform modules already initialized, skipping
========================================================================
Worker process is ready to serve import requests
Launched and connected shader compiler UnityShaderCompiler.exe after 0.14 seconds
Refreshing native plugins compatible for Editor in 1.73 ms, found 4 plugins.
Preloading 0 native plugins for Editor in 0.00 ms.
Unloading 4057 Unused Serialized files (Serialized files now loaded: 0)
Unloading 44 unused Assets / (222.5 KB). Loaded Objects now: 4507.
Memory consumption went from 152.6 MB to 152.4 MB.
Total: 10.112000 ms (FindLiveObjects: 0.619400 ms CreateObjectMapping: 0.586900 ms MarkObjects: 8.536900 ms  DeleteObjects: 0.365900 ms)

AssetImportParameters requested are different than current active one (requested -> active):
  custom:video-decoder-ogg-theora: a1e56fd34408186e4bbccfd4996cb3dc -> 
  custom:container-muxer-webm: aa71ff27fc2769a1b78a27578f13a17b -> 
  custom:container-demuxer-webm: 4f35f7cbe854078d1ac9338744f61a02 -> 
  custom:video-encoder-webm-vp8: eb34c28f22e8b96e1ab97ce403110664 -> 
  custom:audio-encoder-webm-vorbis: bf7c407c2cedff20999df2af8eb42d56 -> 
  custom:framework-win-MediaFoundation: 216162199b28c13a410421893ffa2e32 -> 
  custom:container-demuxer-ogg: 62fdf1f143b41e24485cea50d1cbac27 -> 
  custom:video-decoder-webm-vp8: 9c59270c3fd7afecdb556c50c9e8de78 -> 
  custom:audio-decoder-ogg-vorbis: bf7c407c2cedff20999df2af8eb42d56 -> 
========================================================================
Received Import Request.
  Time since last request: 155774.534567 seconds.
  path: Assets/Sprites
  artifactKey: Guid(e2e596fbeb7819349be6f671128cdb90) Importer(815301076,1909f56bfc062723c751e8b465ee728b)
Start importing Assets/Sprites using Guid(e2e596fbeb7819349be6f671128cdb90) Importer(815301076,1909f56bfc062723c751e8b465ee728b)  -> (artifact id: '32c56123ca61d7de235244cdd6b2029c') in 0.011978 seconds 
========================================================================
Received Import Request.
  Time since last request: 7.449346 seconds.
  path: Assets/Sprites/New Folder
  artifactKey: Guid(964c2d09601b5c14aab448bf0ffc825b) Importer(815301076,1909f56bfc062723c751e8b465ee728b)
Start importing Assets/Sprites/New Folder using Guid(964c2d09601b5c14aab448bf0ffc825b) Importer(815301076,1909f56bfc062723c751e8b465ee728b)  -> (artifact id: '53d601559a44bfd14afadd4ee34d9b68') in 0.012894 seconds 
========================================================================
Received Import Request.
  Time since last request: 5686.054046 seconds.
  path: Assets/Scenes
  artifactKey: Guid(131a6b21c8605f84396be9f6751fb6e3) Importer(815301076,1909f56bfc062723c751e8b465ee728b)
Start importing Assets/Scenes using Guid(131a6b21c8605f84396be9f6751fb6e3) Importer(815301076,1909f56bfc062723c751e8b465ee728b)  -> (artifact id: '2c23e514d24f6b65fe96946cd87fc526') in 0.018906 seconds 
========================================================================
Received Prepare
Registering precompiled user dll's ...
Registered in 0.035995 seconds.
Begin MonoManager ReloadAssembly
Symbol file LoadedFromMemory doesn't match image C:\Users\Santiago Badalo\Documents\GitHub\the-ascension-of-the-cosmical-power\The Ascension of the Cosmical Power\Library\PackageCache\com.unity.visualscripting@1.7.8\Editor\VisualScripting.Core\Dependencies\YamlDotNet\Unity.VisualScripting.YamlDotNet.dll
Symbol file LoadedFromMemory doesn't match image C:\Users\Santiago Badalo\Documents\GitHub\the-ascension-of-the-cosmical-power\The Ascension of the Cosmical Power\Library\PackageCache\com.unity.visualscripting@1.7.8\Editor\VisualScripting.Core\Dependencies\DotNetZip\Unity.VisualScripting.IonicZip.dll
Native extension for WindowsStandalone target not found
Native extension for WebGL target not found
Refreshing native plugins compatible for Editor in 2.33 ms, found 4 plugins.
Preloading 0 native plugins for Editor in 0.00 ms.
Mono: successfully reloaded assembly
- Completed reload, in  3.696 seconds
Domain Reload Profiling:
	ReloadAssembly (3698ms)
		BeginReloadAssembly (651ms)
			ExecutionOrderSort (0ms)
			DisableScriptedObjects (57ms)
			BackupInstance (0ms)
			ReleaseScriptingObjects (0ms)
			CreateAndSetChildDomain (250ms)
		EndReloadAssembly (2732ms)
			LoadAssemblies (327ms)
			RebuildTransferFunctionScriptingTraits (0ms)
			SetupTypeCache (826ms)
			ReleaseScriptCaches (4ms)
			RebuildScriptCaches (113ms)
			SetupLoadedEditorAssemblies (1389ms)
				LogAssemblyErrors (0ms)
				InitializePlatformSupportModulesInManaged (49ms)
				SetLoadedEditorAssemblies (3ms)
				RefreshPlugins (3ms)
				BeforeProcessingInitializeOnLoad (291ms)
				ProcessInitializeOnLoadAttributes (923ms)
				ProcessInitializeOnLoadMethodAttributes (97ms)
				AfterProcessingInitializeOnLoad (23ms)
				EditorAssembliesLoaded (1ms)
			ExecutionOrderSort2 (0ms)
			AwakeInstancesAfterBackupRestoration (25ms)
Platform modules already initialized, skipping
Refreshing native plugins compatible for Editor in 7.89 ms, found 4 plugins.
Preloading 0 native plugins for Editor in 0.00 ms.
Unloading 4053 Unused Serialized files (Serialized files now loaded: 0)
Unloading 31 unused Assets / (189.8 KB). Loaded Objects now: 4511.
Memory consumption went from 152.6 MB to 152.4 MB.
Total: 9.580100 ms (FindLiveObjects: 0.525100 ms CreateObjectMapping: 0.472200 ms MarkObjects: 8.157900 ms  DeleteObjects: 0.422300 ms)

AssetImportParameters requested are different than current active one (requested -> active):
  custom:video-decoder-ogg-theora: a1e56fd34408186e4bbccfd4996cb3dc -> 
  custom:container-muxer-webm: aa71ff27fc2769a1b78a27578f13a17b -> 
  custom:container-demuxer-webm: 4f35f7cbe854078d1ac9338744f61a02 -> 
  custom:video-encoder-webm-vp8: eb34c28f22e8b96e1ab97ce403110664 -> 
  custom:audio-encoder-webm-vorbis: bf7c407c2cedff20999df2af8eb42d56 -> 
  custom:framework-win-MediaFoundation: 216162199b28c13a410421893ffa2e32 -> 
  custom:container-demuxer-ogg: 62fdf1f143b41e24485cea50d1cbac27 -> 
  custom:video-decoder-webm-vp8: 9c59270c3fd7afecdb556c50c9e8de78 -> 
  custom:audio-decoder-ogg-vorbis: bf7c407c2cedff20999df2af8eb42d56 -> 
========================================================================
Received Import Request.
  Time since last request: 2156.587148 seconds.
  path: Assets/CharacterController2D.cs
  artifactKey: Guid(e197dbf68ff052a4ab08a5d641a1735d) Importer(815301076,1909f56bfc062723c751e8b465ee728b)
Start importing Assets/CharacterController2D.cs using Guid(e197dbf68ff052a4ab08a5d641a1735d) Importer(815301076,1909f56bfc062723c751e8b465ee728b)  -> (artifact id: 'bf438bf8a9630c17deecf499e5516193') in 0.095004 seconds 
========================================================================
Received Import Request.
  Time since last request: 102.673118 seconds.
  path: Assets/Scripts
  artifactKey: Guid(6793e60259296114f929ec4292fea519) Importer(815301076,1909f56bfc062723c751e8b465ee728b)
Start importing Assets/Scripts using Guid(6793e60259296114f929ec4292fea519) Importer(815301076,1909f56bfc062723c751e8b465ee728b)  -> (artifact id: '94b9168292a3b4c71ddf3d8e64b98a28') in 0.004119 seconds 
========================================================================
Received Prepare
Registering precompiled user dll's ...
Registered in 0.030298 seconds.
Begin MonoManager ReloadAssembly
Symbol file LoadedFromMemory doesn't match image C:\Users\Santiago Badalo\Documents\GitHub\the-ascension-of-the-cosmical-power\The Ascension of the Cosmical Power\Library\PackageCache\com.unity.visualscripting@1.7.8\Editor\VisualScripting.Core\Dependencies\YamlDotNet\Unity.VisualScripting.YamlDotNet.dll
Symbol file LoadedFromMemory doesn't match image C:\Users\Santiago Badalo\Documents\GitHub\the-ascension-of-the-cosmical-power\The Ascension of the Cosmical Power\Library\PackageCache\com.unity.visualscripting@1.7.8\Editor\VisualScripting.Core\Dependencies\DotNetZip\Unity.VisualScripting.IonicZip.dll
Native extension for WindowsStandalone target not found
Native extension for WebGL target not found
Refreshing native plugins compatible for Editor in 1.06 ms, found 4 plugins.
Preloading 0 native plugins for Editor in 0.00 ms.
Mono: successfully reloaded assembly
- Completed reload, in  3.787 seconds
Domain Reload Profiling:
	ReloadAssembly (3788ms)
		BeginReloadAssembly (493ms)
			ExecutionOrderSort (0ms)
			DisableScriptedObjects (65ms)
			BackupInstance (0ms)
			ReleaseScriptingObjects (0ms)
			CreateAndSetChildDomain (118ms)
		EndReloadAssembly (2988ms)
			LoadAssemblies (302ms)
			RebuildTransferFunctionScriptingTraits (0ms)
			SetupTypeCache (1106ms)
			ReleaseScriptCaches (6ms)
			RebuildScriptCaches (251ms)
			SetupLoadedEditorAssemblies (1154ms)
				LogAssemblyErrors (0ms)
				InitializePlatformSupportModulesInManaged (45ms)
				SetLoadedEditorAssemblies (1ms)
				RefreshPlugins (1ms)
				BeforeProcessingInitializeOnLoad (235ms)
				ProcessInitializeOnLoadAttributes (720ms)
				ProcessInitializeOnLoadMethodAttributes (122ms)
				AfterProcessingInitializeOnLoad (29ms)
				EditorAssembliesLoaded (1ms)
			ExecutionOrderSort2 (0ms)
			AwakeInstancesAfterBackupRestoration (34ms)
Platform modules already initialized, skipping
Refreshing native plugins compatible for Editor in 12.94 ms, found 4 plugins.
Preloading 0 native plugins for Editor in 0.00 ms.
Unloading 4053 Unused Serialized files (Serialized files now loaded: 0)
Unloading 31 unused Assets / (189.7 KB). Loaded Objects now: 4514.
Memory consumption went from 152.6 MB to 152.4 MB.
Total: 9.584200 ms (FindLiveObjects: 0.417000 ms CreateObjectMapping: 0.368200 ms MarkObjects: 8.336500 ms  DeleteObjects: 0.460000 ms)

AssetImportParameters requested are different than current active one (requested -> active):
  custom:video-decoder-ogg-theora: a1e56fd34408186e4bbccfd4996cb3dc -> 
  custom:container-muxer-webm: aa71ff27fc2769a1b78a27578f13a17b -> 
  custom:container-demuxer-webm: 4f35f7cbe854078d1ac9338744f61a02 -> 
  custom:video-encoder-webm-vp8: eb34c28f22e8b96e1ab97ce403110664 -> 
  custom:audio-encoder-webm-vorbis: bf7c407c2cedff20999df2af8eb42d56 -> 
  custom:framework-win-MediaFoundation: 216162199b28c13a410421893ffa2e32 -> 
  custom:container-demuxer-ogg: 62fdf1f143b41e24485cea50d1cbac27 -> 
  custom:video-decoder-webm-vp8: 9c59270c3fd7afecdb556c50c9e8de78 -> 
  custom:audio-decoder-ogg-vorbis: bf7c407c2cedff20999df2af8eb42d56 -> 
========================================================================
Received Import Request.
  Time since last request: 493.449946 seconds.
  path: Assets/pixil-frame-0.png
  artifactKey: Guid(156aacc82aaedc8439f710e0f02337ef) Importer(815301076,1909f56bfc062723c751e8b465ee728b)
Start importing Assets/pixil-frame-0.png using Guid(156aacc82aaedc8439f710e0f02337ef) Importer(815301076,1909f56bfc062723c751e8b465ee728b)  -> (artifact id: '9ff84583795b4458ea595a0c0ad196ef') in 0.202125 seconds 
========================================================================
Received Import Request.
  Time since last request: 790.003978 seconds.
  path: Assets/FreeCuteTileset
  artifactKey: Guid(e1373f50a7d533447b0e5074e0354ce7) Importer(815301076,1909f56bfc062723c751e8b465ee728b)
Start importing Assets/FreeCuteTileset using Guid(e1373f50a7d533447b0e5074e0354ce7) Importer(815301076,1909f56bfc062723c751e8b465ee728b)  -> (artifact id: 'fdf4648af7b9830312a8b6cc7a6002a4') in 0.006536 seconds 
========================================================================
Received Import Request.
  Time since last request: 0.022323 seconds.
  path: Assets/FreeCuteTileset/BG1.png
  artifactKey: Guid(c7d217ca8410e8d4db9c9d4c0165bc39) Importer(815301076,1909f56bfc062723c751e8b465ee728b)
Start importing Assets/FreeCuteTileset/BG1.png using Guid(c7d217ca8410e8d4db9c9d4c0165bc39) Importer(815301076,1909f56bfc062723c751e8b465ee728b)  -> (artifact id: 'da9f64c6d1b9f21a5e05ebdb7b296074') in 0.038835 seconds 
========================================================================
Received Import Request.
  Time since last request: 0.000037 seconds.
  path: Assets/FreeCuteTileset/BG3.png
  artifactKey: Guid(a7d2fddb156d79743aac0d43cf57dd42) Importer(815301076,1909f56bfc062723c751e8b465ee728b)
Start importing Assets/FreeCuteTileset/BG3.png using Guid(a7d2fddb156d79743aac0d43cf57dd42) Importer(815301076,1909f56bfc062723c751e8b465ee728b)  -> (artifact id: 'f242b50282b157d92d950de87ed29381') in 0.031902 seconds 
========================================================================
Received Import Request.
  Time since last request: 0.000039 seconds.
  path: Assets/FreeCuteTileset/Tileset.png
  artifactKey: Guid(f246a8cde94b0c2479189f449d09a395) Importer(815301076,1909f56bfc062723c751e8b465ee728b)
Start importing Assets/FreeCuteTileset/Tileset.png using Guid(f246a8cde94b0c2479189f449d09a395) Importer(815301076,1909f56bfc062723c751e8b465ee728b)  -> (artifact id: '084bc44e476188efe201e7ae3cf00f7a') in 0.037641 seconds 
========================================================================
Received Import Request.
  Time since last request: 0.000051 seconds.
  path: Assets/FreeCuteTileset/Mockup2x.png
  artifactKey: Guid(fdf96e7fd15c9b642932e343096bd91a) Importer(815301076,1909f56bfc062723c751e8b465ee728b)
Start importing Assets/FreeCuteTileset/Mockup2x.png using Guid(fdf96e7fd15c9b642932e343096bd91a) Importer(815301076,1909f56bfc062723c751e8b465ee728b)  -> (artifact id: '88f110e3ba9fa4cab5905a8161b2c656') in 0.060452 seconds 
========================================================================
Received Import Request.
  Time since last request: 0.000055 seconds.
  path: Assets/FreeCuteTileset/Decors.png
  artifactKey: Guid(2236e94ae69de994994ee76124f437d0) Importer(815301076,1909f56bfc062723c751e8b465ee728b)
Start importing Assets/FreeCuteTileset/Decors.png using Guid(2236e94ae69de994994ee76124f437d0) Importer(815301076,1909f56bfc062723c751e8b465ee728b)  -> (artifact id: 'e8f3ca139e1075e5f17226844fcdc133') in 0.054934 seconds 
========================================================================
Received Import Request.
  Time since last request: 0.000057 seconds.
  path: Assets/FreeCuteTileset/ExampleTiles.png
  artifactKey: Guid(4a7f2482d6e817d4ab931507c2cb042b) Importer(815301076,1909f56bfc062723c751e8b465ee728b)
Start importing Assets/FreeCuteTileset/ExampleTiles.png using Guid(4a7f2482d6e817d4ab931507c2cb042b) Importer(815301076,1909f56bfc062723c751e8b465ee728b)  -> (artifact id: 'edff7958a13ac9aa51f4762f48b053f1') in 0.058856 seconds 
========================================================================
Received Import Request.
  Time since last request: 990.737747 seconds.
  path: Assets/palete.prefab
  artifactKey: Guid(20528c229d48bbc4db1433fbb3f5fd08) Importer(815301076,1909f56bfc062723c751e8b465ee728b)
Start importing Assets/palete.prefab using Guid(20528c229d48bbc4db1433fbb3f5fd08) Importer(815301076,1909f56bfc062723c751e8b465ee728b)  -> (artifact id: 'b2f87915d7c06a1c5b667a72e55a065e') in 0.226181 seconds 
========================================================================
Received Import Request.
  Time since last request: 2535.473701 seconds.
  path: Assets/pixil-frame-0.png
  artifactKey: Guid(156aacc82aaedc8439f710e0f02337ef) Importer(815301076,1909f56bfc062723c751e8b465ee728b)
Start importing Assets/pixil-frame-0.png using Guid(156aacc82aaedc8439f710e0f02337ef) Importer(815301076,1909f56bfc062723c751e8b465ee728b)  -> (artifact id: '3830c97e2d7fb3cbb1c53ee67563a875') in 0.062633 seconds 
========================================================================
Received Import Request.
  Time since last request: 1578.939692 seconds.
  path: Assets/Saturno.png
  artifactKey: Guid(250a253c43c50854bae3ececb4f37441) Importer(815301076,1909f56bfc062723c751e8b465ee728b)
Start importing Assets/Saturno.png using Guid(250a253c43c50854bae3ececb4f37441) Importer(815301076,1909f56bfc062723c751e8b465ee728b)  -> (artifact id: '20f916eb1dc8d55b88e0ad6a24c9b7ac') in 0.041761 seconds 
========================================================================
Received Import Request.
  Time since last request: 20.185503 seconds.
  path: Assets/Sprites/Personagens
  artifactKey: Guid(34e87a78fef42a14bb930e15406224e3) Importer(815301076,1909f56bfc062723c751e8b465ee728b)
Start importing Assets/Sprites/Personagens using Guid(34e87a78fef42a14bb930e15406224e3) Importer(815301076,1909f56bfc062723c751e8b465ee728b)  -> (artifact id: '8f5da6c71a1495628667802f881ba6c4') in 0.004949 seconds 
========================================================================
Received Import Request.
  Time since last request: 32.076629 seconds.
  path: Assets/Sprites/Personagens/Saturno.png
  artifactKey: Guid(250a253c43c50854bae3ececb4f37441) Importer(815301076,1909f56bfc062723c751e8b465ee728b)
Start importing Assets/Sprites/Personagens/Saturno.png using Guid(250a253c43c50854bae3ececb4f37441) Importer(815301076,1909f56bfc062723c751e8b465ee728b)  -> (artifact id: '03352bf6da23ff8e849aaf7dc6d1a2a1') in 0.033391 seconds 
========================================================================
Received Import Request.
  Time since last request: 1541.947377 seconds.
  path: Assets/FreeCuteTileset/Tileset.png
  artifactKey: Guid(f246a8cde94b0c2479189f449d09a395) Importer(815301076,1909f56bfc062723c751e8b465ee728b)
Start importing Assets/FreeCuteTileset/Tileset.png using Guid(f246a8cde94b0c2479189f449d09a395) Importer(815301076,1909f56bfc062723c751e8b465ee728b)  -> (artifact id: 'f4355c21eb20c996512e9394f8af01ef') in 0.041938 seconds 
========================================================================
Received Import Request.
  Time since last request: 13.523046 seconds.
  path: Assets/FreeCuteTileset/Tileset.png
  artifactKey: Guid(f246a8cde94b0c2479189f449d09a395) Importer(815301076,1909f56bfc062723c751e8b465ee728b)
Start importing Assets/FreeCuteTileset/Tileset.png using Guid(f246a8cde94b0c2479189f449d09a395) Importer(815301076,1909f56bfc062723c751e8b465ee728b)  -> (artifact id: 'dcc2384bbb5395ef40b392ff343c4c62') in 0.031201 seconds 
========================================================================
Received Import Request.
  Time since last request: 12.282360 seconds.
  path: Assets/FreeCuteTileset/Tileset.png
  artifactKey: Guid(f246a8cde94b0c2479189f449d09a395) Importer(815301076,1909f56bfc062723c751e8b465ee728b)
Start importing Assets/FreeCuteTileset/Tileset.png using Guid(f246a8cde94b0c2479189f449d09a395) Importer(815301076,1909f56bfc062723c751e8b465ee728b)  -> (artifact id: 'c6061711b98ec2216764a86188aa1096') in 0.030139 seconds 
========================================================================
Received Import Request.
  Time since last request: 7.935630 seconds.
  path: Assets/FreeCuteTileset/Tileset.png
  artifactKey: Guid(f246a8cde94b0c2479189f449d09a395) Importer(815301076,1909f56bfc062723c751e8b465ee728b)
Start importing Assets/FreeCuteTileset/Tileset.png using Guid(f246a8cde94b0c2479189f449d09a395) Importer(815301076,1909f56bfc062723c751e8b465ee728b)  -> (artifact id: '889aaaacc4b5417c18be3c15262c11f1') in 0.035593 seconds 
========================================================================
Received Import Request.
  Time since last request: 54.774459 seconds.
  path: Assets/palete.prefab
  artifactKey: Guid(20528c229d48bbc4db1433fbb3f5fd08) Importer(815301076,1909f56bfc062723c751e8b465ee728b)
Start importing Assets/palete.prefab using Guid(20528c229d48bbc4db1433fbb3f5fd08) Importer(815301076,1909f56bfc062723c751e8b465ee728b)  -> (artifact id: '321f5098704fd73291a46ffb07c11070') in 0.032663 seconds 
========================================================================
Received Import Request.
  Time since last request: 41.122448 seconds.
  path: Assets/FreeCuteTileset/Tileset.png
  artifactKey: Guid(f246a8cde94b0c2479189f449d09a395) Importer(815301076,1909f56bfc062723c751e8b465ee728b)
Start importing Assets/FreeCuteTileset/Tileset.png using Guid(f246a8cde94b0c2479189f449d09a395) Importer(815301076,1909f56bfc062723c751e8b465ee728b)  -> (artifact id: '89cfec9928b9d94825798f6cb556ef81') in 0.026752 seconds 
========================================================================
Received Import Request.
  Time since last request: 30.071061 seconds.
  path: Assets/FreeCuteTileset/Tileset.png
  artifactKey: Guid(f246a8cde94b0c2479189f449d09a395) Importer(815301076,1909f56bfc062723c751e8b465ee728b)
Start importing Assets/FreeCuteTileset/Tileset.png using Guid(f246a8cde94b0c2479189f449d09a395) Importer(815301076,1909f56bfc062723c751e8b465ee728b)  -> (artifact id: '2b689b54f33686813c5caf75a163a410') in 0.288303 seconds 
========================================================================
Received Import Request.
  Time since last request: 48.209831 seconds.
  path: Assets/palete.prefab
  artifactKey: Guid(20528c229d48bbc4db1433fbb3f5fd08) Importer(815301076,1909f56bfc062723c751e8b465ee728b)
Start importing Assets/palete.prefab using Guid(20528c229d48bbc4db1433fbb3f5fd08) Importer(815301076,1909f56bfc062723c751e8b465ee728b)  -> (artifact id: '10b972b9fe0d82c55451d50f83e74902') in 0.079917 seconds 
========================================================================
Received Import Request.
  Time since last request: 0.000026 seconds.
  path: Assets/Tileset_39.asset
  artifactKey: Guid(a100d17104ee843419a012171e1657de) Importer(815301076,1909f56bfc062723c751e8b465ee728b)
Start importing Assets/Tileset_39.asset using Guid(a100d17104ee843419a012171e1657de) Importer(815301076,1909f56bfc062723c751e8b465ee728b)  -> (artifact id: '0260e30ea01d46d49b5412babb46fa87') in 0.052726 seconds 
========================================================================
Received Import Request.
  Time since last request: 0.000153 seconds.
  path: Assets/Tileset_18.asset
  artifactKey: Guid(13206d019620ed8428809903d9b61eba) Importer(815301076,1909f56bfc062723c751e8b465ee728b)
Start importing Assets/Tileset_18.asset using Guid(13206d019620ed8428809903d9b61eba) Importer(815301076,1909f56bfc062723c751e8b465ee728b)  -> (artifact id: '8af1c53c1157dbed1d597fda18ef135e') in 0.023011 seconds 
========================================================================
Received Import Request.
  Time since last request: 0.000047 seconds.
  path: Assets/Tileset_22.asset
  artifactKey: Guid(4dcec2512e47db440bd1950469ac9da5) Importer(815301076,1909f56bfc062723c751e8b465ee728b)
Start importing Assets/Tileset_22.asset using Guid(4dcec2512e47db440bd1950469ac9da5) Importer(815301076,1909f56bfc062723c751e8b465ee728b)  -> (artifact id: '361174759cbc414caa2c8990b4f1ad71') in 0.018055 seconds 
========================================================================
Received Import Request.
  Time since last request: 0.000048 seconds.
  path: Assets/Tileset_29.asset
  artifactKey: Guid(f710b80137373a04cb945179e323e0df) Importer(815301076,1909f56bfc062723c751e8b465ee728b)
Start importing Assets/Tileset_29.asset using Guid(f710b80137373a04cb945179e323e0df) Importer(815301076,1909f56bfc062723c751e8b465ee728b)  -> (artifact id: '9b87c57b904aee61800c168b0f0a3c31') in 0.026407 seconds 
========================================================================
Received Import Request.
  Time since last request: 0.000034 seconds.
  path: Assets/Tileset_12.asset
  artifactKey: Guid(086352c2d0841424682bf5c8b7e21681) Importer(815301076,1909f56bfc062723c751e8b465ee728b)
Start importing Assets/Tileset_12.asset using Guid(086352c2d0841424682bf5c8b7e21681) Importer(815301076,1909f56bfc062723c751e8b465ee728b)  -> (artifact id: '85033e98d5004bdc232675f11948532f') in 0.021435 seconds 
========================================================================
Received Import Request.
  Time since last request: 0.000056 seconds.
  path: Assets/Tileset_33.asset
  artifactKey: Guid(be2295cce9472a649925602f4e0ed957) Importer(815301076,1909f56bfc062723c751e8b465ee728b)
Start importing Assets/Tileset_33.asset using Guid(be2295cce9472a649925602f4e0ed957) Importer(815301076,1909f56bfc062723c751e8b465ee728b)  -> (artifact id: '3560af95766473b7d2ace646455399ca') in 0.020566 seconds 
========================================================================
Received Import Request.
  Time since last request: 0.000043 seconds.
  path: Assets/Tileset_17.asset
  artifactKey: Guid(6de18632c6d800546aa853cbd49b4783) Importer(815301076,1909f56bfc062723c751e8b465ee728b)
Start importing Assets/Tileset_17.asset using Guid(6de18632c6d800546aa853cbd49b4783) Importer(815301076,1909f56bfc062723c751e8b465ee728b)  -> (artifact id: '58576090935e2fb21a3ab4ec9b125259') in 0.018827 seconds 
========================================================================
Received Import Request.
  Time since last request: 0.000044 seconds.
  path: Assets/Tileset_26.asset
  artifactKey: Guid(f3cb1464cd747aa4cafbc08fe30248f6) Importer(815301076,1909f56bfc062723c751e8b465ee728b)
Start importing Assets/Tileset_26.asset using Guid(f3cb1464cd747aa4cafbc08fe30248f6) Importer(815301076,1909f56bfc062723c751e8b465ee728b)  -> (artifact id: '923e48443e95d0e73631099a73d36a23') in 0.023522 seconds 
========================================================================
Received Import Request.
  Time since last request: 0.000045 seconds.
  path: Assets/Tileset_32.asset
  artifactKey: Guid(ab4a93dd8f722854698db828c1ab8f21) Importer(815301076,1909f56bfc062723c751e8b465ee728b)
Start importing Assets/Tileset_32.asset using Guid(ab4a93dd8f722854698db828c1ab8f21) Importer(815301076,1909f56bfc062723c751e8b465ee728b)  -> (artifact id: '2739e1f7563aac36f3c80fb04efd7658') in 0.034936 seconds 
========================================================================
Received Import Request.
  Time since last request: 0.000050 seconds.
  path: Assets/Tileset_27.asset
  artifactKey: Guid(31b661a06520f5b4992f2eeb5ebd5536) Importer(815301076,1909f56bfc062723c751e8b465ee728b)
Start importing Assets/Tileset_27.asset using Guid(31b661a06520f5b4992f2eeb5ebd5536) Importer(815301076,1909f56bfc062723c751e8b465ee728b)  -> (artifact id: '07df5578e9b8fd6bb1835287f433e437') in 0.024389 seconds 
========================================================================
Received Import Request.
  Time since last request: 0.000061 seconds.
  path: Assets/Tileset_1.asset
  artifactKey: Guid(f7d959d1ade851442831e730309e6c7b) Importer(815301076,1909f56bfc062723c751e8b465ee728b)
Start importing Assets/Tileset_1.asset using Guid(f7d959d1ade851442831e730309e6c7b) Importer(815301076,1909f56bfc062723c751e8b465ee728b)  -> (artifact id: 'e28cc44688ce7e3595c00d239d5abbbd') in 0.017734 seconds 
========================================================================
Received Import Request.
  Time since last request: 0.000039 seconds.
  path: Assets/Tileset_14.asset
  artifactKey: Guid(3ae6523f0999dc2448c0f7ae45d6b4ee) Importer(815301076,1909f56bfc062723c751e8b465ee728b)
Start importing Assets/Tileset_14.asset using Guid(3ae6523f0999dc2448c0f7ae45d6b4ee) Importer(815301076,1909f56bfc062723c751e8b465ee728b)  -> (artifact id: 'f0beb0153242c1db3c1d646ab2a95804') in 0.023129 seconds 
========================================================================
Received Import Request.
  Time since last request: 0.000042 seconds.
  path: Assets/Tileset_6.asset
  artifactKey: Guid(f5af053bf7e379e418464353847ebccd) Importer(815301076,1909f56bfc062723c751e8b465ee728b)
Start importing Assets/Tileset_6.asset using Guid(f5af053bf7e379e418464353847ebccd) Importer(815301076,1909f56bfc062723c751e8b465ee728b)  -> (artifact id: '3cff6e2e3b5374f7ea0518b0d62076d8') in 0.022197 seconds 
========================================================================
Received Import Request.
  Time since last request: 0.000040 seconds.
  path: Assets/Tileset_5.asset
  artifactKey: Guid(6d33c2840452c6f408ce64f580e5d641) Importer(815301076,1909f56bfc062723c751e8b465ee728b)
Start importing Assets/Tileset_5.asset using Guid(6d33c2840452c6f408ce64f580e5d641) Importer(815301076,1909f56bfc062723c751e8b465ee728b)  -> (artifact id: '568ace11f4474e8ce970de48d85fd872') in 0.028980 seconds 
========================================================================
Received Import Request.
  Time since last request: 0.000038 seconds.
  path: Assets/Tileset_36.asset
  artifactKey: Guid(7a488c80f2e3f0b4bb725c1372a81ad1) Importer(815301076,1909f56bfc062723c751e8b465ee728b)
Start importing Assets/Tileset_36.asset using Guid(7a488c80f2e3f0b4bb725c1372a81ad1) Importer(815301076,1909f56bfc062723c751e8b465ee728b)  -> (artifact id: 'ac211bb31f233150091a1fbcb7a94fe1') in 0.019099 seconds 
========================================================================
Received Import Request.
  Time since last request: 0.000045 seconds.
  path: Assets/Tileset_7.asset
  artifactKey: Guid(46e64b63577ebb5449f5054e70b73c2b) Importer(815301076,1909f56bfc062723c751e8b465ee728b)
Start importing Assets/Tileset_7.asset using Guid(46e64b63577ebb5449f5054e70b73c2b) Importer(815301076,1909f56bfc062723c751e8b465ee728b)  -> (artifact id: 'f542621cb64e4a160ba86e7ce8852778') in 0.021994 seconds 
========================================================================
Received Import Request.
  Time since last request: 0.000055 seconds.
  path: Assets/Tileset_25.asset
  artifactKey: Guid(078d1738ed7df9646b05b05c8770dc9d) Importer(815301076,1909f56bfc062723c751e8b465ee728b)
Start importing Assets/Tileset_25.asset using Guid(078d1738ed7df9646b05b05c8770dc9d) Importer(815301076,1909f56bfc062723c751e8b465ee728b)  -> (artifact id: 'dbdc322ca73c4007b80a112728f1bfd7') in 0.025115 seconds 
========================================================================
Received Import Request.
  Time since last request: 0.000072 seconds.
  path: Assets/Tileset_28.asset
  artifactKey: Guid(8fb3ffd901c36a540ae8247d6830d119) Importer(815301076,1909f56bfc062723c751e8b465ee728b)
Start importing Assets/Tileset_28.asset using Guid(8fb3ffd901c36a540ae8247d6830d119) Importer(815301076,1909f56bfc062723c751e8b465ee728b)  -> (artifact id: '91968ddf834d47830e47125d69423d01') in 0.024703 seconds 
========================================================================
Received Import Request.
  Time since last request: 0.000066 seconds.
  path: Assets/Tileset_15.asset
  artifactKey: Guid(3a6a8aa33d1581d4f92f4e45efc46572) Importer(815301076,1909f56bfc062723c751e8b465ee728b)
Start importing Assets/Tileset_15.asset using Guid(3a6a8aa33d1581d4f92f4e45efc46572) Importer(815301076,1909f56bfc062723c751e8b465ee728b)  -> (artifact id: '620c080a9383c881f33770cf258a4612') in 0.019278 seconds 
========================================================================
Received Import Request.
  Time since last request: 0.000035 seconds.
  path: Assets/Tileset_13.asset
  artifactKey: Guid(fd654d66d20f183439680c1d80d61a1d) Importer(815301076,1909f56bfc062723c751e8b465ee728b)
Start importing Assets/Tileset_13.asset using Guid(fd654d66d20f183439680c1d80d61a1d) Importer(815301076,1909f56bfc062723c751e8b465ee728b)  -> (artifact id: 'ec75ce517361367cf62ea31c90252caf') in 0.025906 seconds 
========================================================================
Received Import Request.
  Time since last request: 0.000043 seconds.
  path: Assets/Tileset_10.asset
  artifactKey: Guid(b910fd7558a556549855a2b6cd5417c5) Importer(815301076,1909f56bfc062723c751e8b465ee728b)
Start importing Assets/Tileset_10.asset using Guid(b910fd7558a556549855a2b6cd5417c5) Importer(815301076,1909f56bfc062723c751e8b465ee728b)  -> (artifact id: '6e922cfdf6887a3dc29d9e0d06862c5f') in 0.019503 seconds 
========================================================================
Received Import Request.
  Time since last request: 0.000152 seconds.
  path: Assets/Tileset_3.asset
  artifactKey: Guid(a3064866c415fb64cbdefb9524d70179) Importer(815301076,1909f56bfc062723c751e8b465ee728b)
Start importing Assets/Tileset_3.asset using Guid(a3064866c415fb64cbdefb9524d70179) Importer(815301076,1909f56bfc062723c751e8b465ee728b)  -> (artifact id: 'fb754073e67d1ce7342c1c2e7ec8783e') in 0.021148 seconds 
========================================================================
Received Import Request.
  Time since last request: 0.000114 seconds.
  path: Assets/Tileset_20.asset
  artifactKey: Guid(6572390033e8e2d44b89cf1e958f8183) Importer(815301076,1909f56bfc062723c751e8b465ee728b)
Start importing Assets/Tileset_20.asset using Guid(6572390033e8e2d44b89cf1e958f8183) Importer(815301076,1909f56bfc062723c751e8b465ee728b)  -> (artifact id: 'fda18b7b28215a13924b9f499c8c2a77') in 0.033225 seconds 
========================================================================
Received Import Request.
  Time since last request: 0.000061 seconds.
  path: Assets/Tileset_40.asset
  artifactKey: Guid(0e14f88ac1bc9f141902ef2081514be4) Importer(815301076,1909f56bfc062723c751e8b465ee728b)
Start importing Assets/Tileset_40.asset using Guid(0e14f88ac1bc9f141902ef2081514be4) Importer(815301076,1909f56bfc062723c751e8b465ee728b)  -> (artifact id: 'cba2c363bbe628f0d2978bf8bba2a610') in 0.017415 seconds 
========================================================================
Received Import Request.
  Time since last request: 0.000090 seconds.
  path: Assets/Tileset_11.asset
  artifactKey: Guid(fdc7bcc027948344d8ecb2c192f9a5ac) Importer(815301076,1909f56bfc062723c751e8b465ee728b)
Start importing Assets/Tileset_11.asset using Guid(fdc7bcc027948344d8ecb2c192f9a5ac) Importer(815301076,1909f56bfc062723c751e8b465ee728b)  -> (artifact id: 'b38d5de6cc183677e0d1553625958973') in 0.029726 seconds 
========================================================================
Received Import Request.
  Time since last request: 0.000044 seconds.
  path: Assets/Tileset_30.asset
  artifactKey: Guid(a63ba527489ec93468e1c04a11b19ca3) Importer(815301076,1909f56bfc062723c751e8b465ee728b)
Start importing Assets/Tileset_30.asset using Guid(a63ba527489ec93468e1c04a11b19ca3) Importer(815301076,1909f56bfc062723c751e8b465ee728b)  -> (artifact id: '64bc629132a22200ab43aa4932565d8b') in 0.028904 seconds 
========================================================================
Received Import Request.
  Time since last request: 17.675688 seconds.
  path: Assets/Tileset_15 1.asset
  artifactKey: Guid(4df2b87694f17034eab5464338354760) Importer(815301076,1909f56bfc062723c751e8b465ee728b)
Start importing Assets/Tileset_15 1.asset using Guid(4df2b87694f17034eab5464338354760) Importer(815301076,1909f56bfc062723c751e8b465ee728b)  -> (artifact id: 'fc6dedb933268fa4c3fcf8850c6e2f78') in 0.026597 seconds 
========================================================================
Received Import Request.
  Time since last request: 46.303008 seconds.
  path: Assets/palete.prefab
  artifactKey: Guid(20528c229d48bbc4db1433fbb3f5fd08) Importer(815301076,1909f56bfc062723c751e8b465ee728b)
Start importing Assets/palete.prefab using Guid(20528c229d48bbc4db1433fbb3f5fd08) Importer(815301076,1909f56bfc062723c751e8b465ee728b)  -> (artifact id: '525c6eaddfae1a2285de4a0080142311') in 0.059298 seconds 
========================================================================
Received Import Request.
  Time since last request: 26.653896 seconds.
  path: Assets/palete.prefab
  artifactKey: Guid(20528c229d48bbc4db1433fbb3f5fd08) Importer(815301076,1909f56bfc062723c751e8b465ee728b)
Start importing Assets/palete.prefab using Guid(20528c229d48bbc4db1433fbb3f5fd08) Importer(815301076,1909f56bfc062723c751e8b465ee728b)  -> (artifact id: '05961c8265f04745d904f913f7644046') in 0.028307 seconds 
========================================================================
Received Import Request.
  Time since last request: 5.690358 seconds.
  path: Assets/Tiles
  artifactKey: Guid(55d6044e4ba13034caef78613720dfca) Importer(815301076,1909f56bfc062723c751e8b465ee728b)
Start importing Assets/Tiles using Guid(55d6044e4ba13034caef78613720dfca) Importer(815301076,1909f56bfc062723c751e8b465ee728b)  -> (artifact id: 'cd3c654a9525f97a1c3cbaccc7692d23') in 0.005274 seconds 
========================================================================
Received Import Request.
  Time since last request: 0.033082 seconds.
  path: Assets/Tiles/Tileset.asset
  artifactKey: Guid(d2814b5917d35724b892351a28b73573) Importer(815301076,1909f56bfc062723c751e8b465ee728b)
Start importing Assets/Tiles/Tileset.asset using Guid(d2814b5917d35724b892351a28b73573) Importer(815301076,1909f56bfc062723c751e8b465ee728b)  -> (artifact id: 'e3a85f3a824ef7243ac855d7d5f5f3b8') in 0.013198 seconds 
========================================================================
Received Import Request.
  Time since last request: 326.301569 seconds.
  path: Assets/FreeCuteTileset/Tileset.png
  artifactKey: Guid(f246a8cde94b0c2479189f449d09a395) Importer(815301076,1909f56bfc062723c751e8b465ee728b)
Start importing Assets/FreeCuteTileset/Tileset.png using Guid(f246a8cde94b0c2479189f449d09a395) Importer(815301076,1909f56bfc062723c751e8b465ee728b)  -> (artifact id: 'c462646890b7ff6c1aea642d0d0170ab') in 0.310293 seconds 
========================================================================
Received Import Request.
  Time since last request: 9.472902 seconds.
  path: Assets/FreeCuteTileset/Tileset.png
  artifactKey: Guid(f246a8cde94b0c2479189f449d09a395) Importer(815301076,1909f56bfc062723c751e8b465ee728b)
Start importing Assets/FreeCuteTileset/Tileset.png using Guid(f246a8cde94b0c2479189f449d09a395) Importer(815301076,1909f56bfc062723c751e8b465ee728b)  -> (artifact id: 'f63a39b873e51aec34c284ad3b3d268c') in 0.319032 seconds 
========================================================================
Received Import Request.
  Time since last request: 7.295127 seconds.
  path: Assets/FreeCuteTileset/Tileset.png
  artifactKey: Guid(f246a8cde94b0c2479189f449d09a395) Importer(815301076,1909f56bfc062723c751e8b465ee728b)
Start importing Assets/FreeCuteTileset/Tileset.png using Guid(f246a8cde94b0c2479189f449d09a395) Importer(815301076,1909f56bfc062723c751e8b465ee728b)  -> (artifact id: '6aec985dab41678fc84fb1ef213d2bd9') in 0.312041 seconds 
========================================================================
Received Import Request.
  Time since last request: 3.667306 seconds.
  path: Assets/FreeCuteTileset/Tileset.png
  artifactKey: Guid(f246a8cde94b0c2479189f449d09a395) Importer(815301076,1909f56bfc062723c751e8b465ee728b)
Start importing Assets/FreeCuteTileset/Tileset.png using Guid(f246a8cde94b0c2479189f449d09a395) Importer(815301076,1909f56bfc062723c751e8b465ee728b)  -> (artifact id: '976429df99df94f893ffd11129398ca3') in 0.293164 seconds 
========================================================================
Received Import Request.
  Time since last request: 4.952001 seconds.
  path: Assets/FreeCuteTileset/Tileset.png
  artifactKey: Guid(f246a8cde94b0c2479189f449d09a395) Importer(815301076,1909f56bfc062723c751e8b465ee728b)
Start importing Assets/FreeCuteTileset/Tileset.png using Guid(f246a8cde94b0c2479189f449d09a395) Importer(815301076,1909f56bfc062723c751e8b465ee728b)  -> (artifact id: 'be5ea876f27b58ea5f3dc8f4403dd019') in 0.277976 seconds 
========================================================================
Received Import Request.
  Time since last request: 14.478312 seconds.
  path: Assets/FreeCuteTileset/Tileset.png
  artifactKey: Guid(f246a8cde94b0c2479189f449d09a395) Importer(815301076,1909f56bfc062723c751e8b465ee728b)
Start importing Assets/FreeCuteTileset/Tileset.png using Guid(f246a8cde94b0c2479189f449d09a395) Importer(815301076,1909f56bfc062723c751e8b465ee728b)  -> (artifact id: 'e182782bd7d71fd9aacb1740b02bf69f') in 0.292601 seconds 
========================================================================
Received Import Request.
  Time since last request: 5.705525 seconds.
  path: Assets/FreeCuteTileset/Tileset.png
  artifactKey: Guid(f246a8cde94b0c2479189f449d09a395) Importer(815301076,1909f56bfc062723c751e8b465ee728b)
Start importing Assets/FreeCuteTileset/Tileset.png using Guid(f246a8cde94b0c2479189f449d09a395) Importer(815301076,1909f56bfc062723c751e8b465ee728b)  -> (artifact id: '0b8d690d6d56bb07d94f353923f6f72c') in 0.303170 seconds 
========================================================================
Received Import Request.
  Time since last request: 349.779995 seconds.
  path: Assets/FreeCuteTileset/Tileset.png
  artifactKey: Guid(f246a8cde94b0c2479189f449d09a395) Importer(815301076,1909f56bfc062723c751e8b465ee728b)
Start importing Assets/FreeCuteTileset/Tileset.png using Guid(f246a8cde94b0c2479189f449d09a395) Importer(815301076,1909f56bfc062723c751e8b465ee728b)  -> (artifact id: '46da9a8e93ffc0ce1dfd2bb6c75fe74e') in 0.287390 seconds 
========================================================================
Received Prepare
Registering precompiled user dll's ...
Registered in 0.023209 seconds.
Begin MonoManager ReloadAssembly
Symbol file LoadedFromMemory doesn't match image C:\Users\Santiago Badalo\Documents\GitHub\the-ascension-of-the-cosmical-power\The Ascension of the Cosmical Power\Library\PackageCache\com.unity.visualscripting@1.7.8\Editor\VisualScripting.Core\Dependencies\YamlDotNet\Unity.VisualScripting.YamlDotNet.dll
Symbol file LoadedFromMemory doesn't match image C:\Users\Santiago Badalo\Documents\GitHub\the-ascension-of-the-cosmical-power\The Ascension of the Cosmical Power\Library\PackageCache\com.unity.visualscripting@1.7.8\Editor\VisualScripting.Core\Dependencies\DotNetZip\Unity.VisualScripting.IonicZip.dll
Native extension for WindowsStandalone target not found
Native extension for WebGL target not found
Refreshing native plugins compatible for Editor in 1.16 ms, found 4 plugins.
Preloading 0 native plugins for Editor in 0.00 ms.
Mono: successfully reloaded assembly
- Completed reload, in  5.427 seconds
Domain Reload Profiling:
	ReloadAssembly (5434ms)
		BeginReloadAssembly (957ms)
			ExecutionOrderSort (0ms)
			DisableScriptedObjects (69ms)
			BackupInstance (0ms)
			ReleaseScriptingObjects (0ms)
			CreateAndSetChildDomain (473ms)
		EndReloadAssembly (3761ms)
			LoadAssemblies (934ms)
			RebuildTransferFunctionScriptingTraits (0ms)
			SetupTypeCache (1326ms)
			ReleaseScriptCaches (4ms)
			RebuildScriptCaches (144ms)
			SetupLoadedEditorAssemblies (1005ms)
				LogAssemblyErrors (0ms)
				InitializePlatformSupportModulesInManaged (42ms)
				SetLoadedEditorAssemblies (2ms)
				RefreshPlugins (1ms)
				BeforeProcessingInitializeOnLoad (210ms)
				ProcessInitializeOnLoadAttributes (559ms)
				ProcessInitializeOnLoadMethodAttributes (159ms)
				AfterProcessingInitializeOnLoad (30ms)
				EditorAssembliesLoaded (1ms)
			ExecutionOrderSort2 (0ms)
			AwakeInstancesAfterBackupRestoration (63ms)
Platform modules already initialized, skipping
Refreshing native plugins compatible for Editor in 6.59 ms, found 4 plugins.
Preloading 0 native plugins for Editor in 0.00 ms.
Unloading 4053 Unused Serialized files (Serialized files now loaded: 0)
Unloading 31 unused Assets / (189.6 KB). Loaded Objects now: 4539.
Memory consumption went from 157.1 MB to 156.9 MB.
Total: 7.186700 ms (FindLiveObjects: 0.495800 ms CreateObjectMapping: 0.396600 ms MarkObjects: 6.067200 ms  DeleteObjects: 0.224800 ms)

AssetImportParameters requested are different than current active one (requested -> active):
  custom:video-decoder-ogg-theora: a1e56fd34408186e4bbccfd4996cb3dc -> 
  custom:container-muxer-webm: aa71ff27fc2769a1b78a27578f13a17b -> 
  custom:container-demuxer-webm: 4f35f7cbe854078d1ac9338744f61a02 -> 
  custom:video-encoder-webm-vp8: eb34c28f22e8b96e1ab97ce403110664 -> 
  custom:audio-encoder-webm-vorbis: bf7c407c2cedff20999df2af8eb42d56 -> 
  custom:framework-win-MediaFoundation: 216162199b28c13a410421893ffa2e32 -> 
  custom:container-demuxer-ogg: 62fdf1f143b41e24485cea50d1cbac27 -> 
  custom:video-decoder-webm-vp8: 9c59270c3fd7afecdb556c50c9e8de78 -> 
  custom:audio-decoder-ogg-vorbis: bf7c407c2cedff20999df2af8eb42d56 -> 
========================================================================
Received Prepare
Registering precompiled user dll's ...
Registered in 0.023226 seconds.
Begin MonoManager ReloadAssembly
Symbol file LoadedFromMemory doesn't match image C:\Users\Santiago Badalo\Documents\GitHub\the-ascension-of-the-cosmical-power\The Ascension of the Cosmical Power\Library\PackageCache\com.unity.visualscripting@1.7.8\Editor\VisualScripting.Core\Dependencies\YamlDotNet\Unity.VisualScripting.YamlDotNet.dll
Symbol file LoadedFromMemory doesn't match image C:\Users\Santiago Badalo\Documents\GitHub\the-ascension-of-the-cosmical-power\The Ascension of the Cosmical Power\Library\PackageCache\com.unity.visualscripting@1.7.8\Editor\VisualScripting.Core\Dependencies\DotNetZip\Unity.VisualScripting.IonicZip.dll
Native extension for WindowsStandalone target not found
Native extension for WebGL target not found
Refreshing native plugins compatible for Editor in 2.70 ms, found 4 plugins.
Preloading 0 native plugins for Editor in 0.00 ms.
Mono: successfully reloaded assembly
- Completed reload, in  4.805 seconds
Domain Reload Profiling:
	ReloadAssembly (4807ms)
		BeginReloadAssembly (391ms)
			ExecutionOrderSort (0ms)
			DisableScriptedObjects (36ms)
			BackupInstance (0ms)
			ReleaseScriptingObjects (0ms)
			CreateAndSetChildDomain (96ms)
		EndReloadAssembly (3848ms)
			LoadAssemblies (371ms)
			RebuildTransferFunctionScriptingTraits (0ms)
			SetupTypeCache (1249ms)
			ReleaseScriptCaches (5ms)
			RebuildScriptCaches (237ms)
			SetupLoadedEditorAssemblies (1651ms)
				LogAssemblyErrors (0ms)
				InitializePlatformSupportModulesInManaged (62ms)
				SetLoadedEditorAssemblies (2ms)
				RefreshPlugins (3ms)
				BeforeProcessingInitializeOnLoad (301ms)
				ProcessInitializeOnLoadAttributes (1087ms)
				ProcessInitializeOnLoadMethodAttributes (171ms)
				AfterProcessingInitializeOnLoad (25ms)
				EditorAssembliesLoaded (1ms)
			ExecutionOrderSort2 (0ms)
			AwakeInstancesAfterBackupRestoration (53ms)
Platform modules already initialized, skipping
Refreshing native plugins compatible for Editor in 4.42 ms, found 4 plugins.
Preloading 0 native plugins for Editor in 0.00 ms.
Unloading 4053 Unused Serialized files (Serialized files now loaded: 0)
Unloading 31 unused Assets / (189.7 KB). Loaded Objects now: 4542.
Memory consumption went from 157.1 MB to 156.9 MB.
Total: 8.403100 ms (FindLiveObjects: 0.422000 ms CreateObjectMapping: 0.323500 ms MarkObjects: 7.356500 ms  DeleteObjects: 0.299000 ms)

AssetImportParameters requested are different than current active one (requested -> active):
  custom:video-decoder-ogg-theora: a1e56fd34408186e4bbccfd4996cb3dc -> 
  custom:container-muxer-webm: aa71ff27fc2769a1b78a27578f13a17b -> 
  custom:container-demuxer-webm: 4f35f7cbe854078d1ac9338744f61a02 -> 
  custom:video-encoder-webm-vp8: eb34c28f22e8b96e1ab97ce403110664 -> 
  custom:audio-encoder-webm-vorbis: bf7c407c2cedff20999df2af8eb42d56 -> 
  custom:framework-win-MediaFoundation: 216162199b28c13a410421893ffa2e32 -> 
  custom:container-demuxer-ogg: 62fdf1f143b41e24485cea50d1cbac27 -> 
  custom:video-decoder-webm-vp8: 9c59270c3fd7afecdb556c50c9e8de78 -> 
  custom:audio-decoder-ogg-vorbis: bf7c407c2cedff20999df2af8eb42d56 -> 
========================================================================
Received Import Request.
  Time since last request: 2367.070158 seconds.
  path: Assets/FreeCuteTileset/Decors.png
  artifactKey: Guid(2236e94ae69de994994ee76124f437d0) Importer(815301076,1909f56bfc062723c751e8b465ee728b)
Start importing Assets/FreeCuteTileset/Decors.png using Guid(2236e94ae69de994994ee76124f437d0) Importer(815301076,1909f56bfc062723c751e8b465ee728b)  -> (artifact id: '529c3e36ef42cf959165724822ea3d3d') in 0.123235 seconds 
========================================================================
Received Import Request.
  Time since last request: 36.882783 seconds.
  path: Assets/FreeCuteTileset/Decors.png
  artifactKey: Guid(2236e94ae69de994994ee76124f437d0) Importer(815301076,1909f56bfc062723c751e8b465ee728b)
Start importing Assets/FreeCuteTileset/Decors.png using Guid(2236e94ae69de994994ee76124f437d0) Importer(815301076,1909f56bfc062723c751e8b465ee728b)  -> (artifact id: 'afb930a91aac22ec12c074e8ff5d611a') in 0.079380 seconds 
========================================================================
Received Import Request.
  Time since last request: 77.865546 seconds.
  path: Assets/FreeCuteTileset/Decors.png
  artifactKey: Guid(2236e94ae69de994994ee76124f437d0) Importer(815301076,1909f56bfc062723c751e8b465ee728b)
Start importing Assets/FreeCuteTileset/Decors.png using Guid(2236e94ae69de994994ee76124f437d0) Importer(815301076,1909f56bfc062723c751e8b465ee728b)  -> (artifact id: 'a8ce966f0347e8bfd6a79e2e9f92b1f4') in 0.050566 seconds 
========================================================================
Received Import Request.
  Time since last request: 268.916869 seconds.
  path: Assets/FreeCuteTileset/Tileset.png
  artifactKey: Guid(f246a8cde94b0c2479189f449d09a395) Importer(815301076,1909f56bfc062723c751e8b465ee728b)
Start importing Assets/FreeCuteTileset/Tileset.png using Guid(f246a8cde94b0c2479189f449d09a395) Importer(815301076,1909f56bfc062723c751e8b465ee728b)  -> (artifact id: '628213ec2300534197ea8bd00e0d878b') in 0.250152 seconds 
========================================================================
Received Import Request.
  Time since last request: 309.796244 seconds.
  path: Assets/FreeCuteTileset/BG2.png
  artifactKey: Guid(2a738b3be059c5643aab342ce605f034) Importer(815301076,1909f56bfc062723c751e8b465ee728b)
Start importing Assets/FreeCuteTileset/BG2.png using Guid(2a738b3be059c5643aab342ce605f034) Importer(815301076,1909f56bfc062723c751e8b465ee728b)  -> (artifact id: '926088026932f09e267cee4302a936d7') in 0.063871 seconds 
========================================================================
Received Import Request.
  Time since last request: 25.599083 seconds.
  path: Assets/FreeCuteTileset/BG1.png
  artifactKey: Guid(c7d217ca8410e8d4db9c9d4c0165bc39) Importer(815301076,1909f56bfc062723c751e8b465ee728b)
Start importing Assets/FreeCuteTileset/BG1.png using Guid(c7d217ca8410e8d4db9c9d4c0165bc39) Importer(815301076,1909f56bfc062723c751e8b465ee728b)  -> (artifact id: '5a7e791759744695881437e580d85ba7') in 0.053015 seconds 
========================================================================
Received Import Request.
  Time since last request: 7.282738 seconds.
  path: Assets/FreeCuteTileset/BG1.png
  artifactKey: Guid(c7d217ca8410e8d4db9c9d4c0165bc39) Importer(815301076,1909f56bfc062723c751e8b465ee728b)
Start importing Assets/FreeCuteTileset/BG1.png using Guid(c7d217ca8410e8d4db9c9d4c0165bc39) Importer(815301076,1909f56bfc062723c751e8b465ee728b)  -> (artifact id: '5f9da56e527466b4b555907dcbfeb381') in 0.041130 seconds 
========================================================================
Received Import Request.
  Time since last request: 52.274221 seconds.
  path: Assets/FreeCuteTileset/BG3.png
  artifactKey: Guid(a7d2fddb156d79743aac0d43cf57dd42) Importer(815301076,1909f56bfc062723c751e8b465ee728b)
Start importing Assets/FreeCuteTileset/BG3.png using Guid(a7d2fddb156d79743aac0d43cf57dd42) Importer(815301076,1909f56bfc062723c751e8b465ee728b)  -> (artifact id: 'b1f99c122fee96b292afb41d77fb2107') in 0.045535 seconds 
========================================================================
Received Import Request.
  Time since last request: 28.509072 seconds.
  path: Assets/FreeCuteTileset/BG3.png
  artifactKey: Guid(a7d2fddb156d79743aac0d43cf57dd42) Importer(815301076,1909f56bfc062723c751e8b465ee728b)
Start importing Assets/FreeCuteTileset/BG3.png using Guid(a7d2fddb156d79743aac0d43cf57dd42) Importer(815301076,1909f56bfc062723c751e8b465ee728b)  -> (artifact id: '901506ea4c99cfaaac9f63ef971d8657') in 0.038866 seconds 
========================================================================
Received Import Request.
  Time since last request: 672.668613 seconds.
  path: Assets/palete.prefab
  artifactKey: Guid(20528c229d48bbc4db1433fbb3f5fd08) Importer(815301076,1909f56bfc062723c751e8b465ee728b)
Start importing Assets/palete.prefab using Guid(20528c229d48bbc4db1433fbb3f5fd08) Importer(815301076,1909f56bfc062723c751e8b465ee728b)  -> (artifact id: '7c941314b61d30ab704ab3225acfefd4') in 0.398753 seconds 
========================================================================
Received Import Request.
  Time since last request: 381.924223 seconds.
  path: ProjectSettings/TagManager.asset
  artifactKey: Guid(00000000000000003000000000000000) Importer(815301076,1909f56bfc062723c751e8b465ee728b)
Start importing ProjectSettings/TagManager.asset using Guid(00000000000000003000000000000000) Importer(815301076,1909f56bfc062723c751e8b465ee728b)  -> (artifact id: '5f74b9f0782f3ffe8a654b2b60a9f33c') in 0.023904 seconds 
========================================================================
Received Import Request.
  Time since last request: 672.507560 seconds.
  path: Assets/Scripts/MovimentoDoPlayer.cs
  artifactKey: Guid(ea08f52544b05174d90d4cc2f6f48163) Importer(815301076,1909f56bfc062723c751e8b465ee728b)
Start importing Assets/Scripts/MovimentoDoPlayer.cs using Guid(ea08f52544b05174d90d4cc2f6f48163) Importer(815301076,1909f56bfc062723c751e8b465ee728b)  -> (artifact id: 'ca748772a206d6f699be6b7359620e97') in 0.015407 seconds 
========================================================================
Received Prepare
Registering precompiled user dll's ...
Registered in 0.023186 seconds.
Begin MonoManager ReloadAssembly
Symbol file LoadedFromMemory doesn't match image C:\Users\Santiago Badalo\Documents\GitHub\the-ascension-of-the-cosmical-power\The Ascension of the Cosmical Power\Library\PackageCache\com.unity.visualscripting@1.7.8\Editor\VisualScripting.Core\Dependencies\YamlDotNet\Unity.VisualScripting.YamlDotNet.dll
Symbol file LoadedFromMemory doesn't match image C:\Users\Santiago Badalo\Documents\GitHub\the-ascension-of-the-cosmical-power\The Ascension of the Cosmical Power\Library\PackageCache\com.unity.visualscripting@1.7.8\Editor\VisualScripting.Core\Dependencies\DotNetZip\Unity.VisualScripting.IonicZip.dll
Native extension for WindowsStandalone target not found
Native extension for WebGL target not found
Refreshing native plugins compatible for Editor in 1.27 ms, found 4 plugins.
Preloading 0 native plugins for Editor in 0.00 ms.
Mono: successfully reloaded assembly
- Completed reload, in  5.297 seconds
Domain Reload Profiling:
	ReloadAssembly (5303ms)
		BeginReloadAssembly (943ms)
			ExecutionOrderSort (0ms)
			DisableScriptedObjects (71ms)
			BackupInstance (0ms)
			ReleaseScriptingObjects (0ms)
			CreateAndSetChildDomain (389ms)
		EndReloadAssembly (3503ms)
			LoadAssemblies (455ms)
			RebuildTransferFunctionScriptingTraits (0ms)
			SetupTypeCache (1350ms)
			ReleaseScriptCaches (7ms)
			RebuildScriptCaches (178ms)
			SetupLoadedEditorAssemblies (1438ms)
				LogAssemblyErrors (0ms)
				InitializePlatformSupportModulesInManaged (54ms)
				SetLoadedEditorAssemblies (4ms)
				RefreshPlugins (1ms)
				BeforeProcessingInitializeOnLoad (328ms)
				ProcessInitializeOnLoadAttributes (883ms)
				ProcessInitializeOnLoadMethodAttributes (132ms)
				AfterProcessingInitializeOnLoad (34ms)
				EditorAssembliesLoaded (1ms)
			ExecutionOrderSort2 (0ms)
			AwakeInstancesAfterBackupRestoration (33ms)
Platform modules already initialized, skipping
Refreshing native plugins compatible for Editor in 15.78 ms, found 4 plugins.
Preloading 0 native plugins for Editor in 0.00 ms.
Unloading 4054 Unused Serialized files (Serialized files now loaded: 0)
Unloading 32 unused Assets / (189.7 KB). Loaded Objects now: 4554.
Memory consumption went from 157.2 MB to 157.0 MB.
Total: 19.404300 ms (FindLiveObjects: 0.769200 ms CreateObjectMapping: 1.071100 ms MarkObjects: 16.594600 ms  DeleteObjects: 0.967100 ms)

AssetImportParameters requested are different than current active one (requested -> active):
  custom:video-decoder-ogg-theora: a1e56fd34408186e4bbccfd4996cb3dc -> 
  custom:container-muxer-webm: aa71ff27fc2769a1b78a27578f13a17b -> 
  custom:container-demuxer-webm: 4f35f7cbe854078d1ac9338744f61a02 -> 
  custom:video-encoder-webm-vp8: eb34c28f22e8b96e1ab97ce403110664 -> 
  custom:audio-encoder-webm-vorbis: bf7c407c2cedff20999df2af8eb42d56 -> 
  custom:framework-win-MediaFoundation: 216162199b28c13a410421893ffa2e32 -> 
  custom:container-demuxer-ogg: 62fdf1f143b41e24485cea50d1cbac27 -> 
  custom:video-decoder-webm-vp8: 9c59270c3fd7afecdb556c50c9e8de78 -> 
  custom:audio-decoder-ogg-vorbis: bf7c407c2cedff20999df2af8eb42d56 -> 
